<?xml version="1.0" encoding="UTF-8" ?>
<testsuite tests="12" failures="0" name="model.souhu.SouhuDreamPageProcessorTest" time="0.163" errors="0" skipped="0">
  <properties>
    <property name="java.runtime.name" value="Java(TM) SE Runtime Environment"/>
    <property name="sun.boot.library.path" value="D:\work_software\jdk1.8.0_121\jre\bin"/>
    <property name="java.vm.version" value="25.121-b13"/>
    <property name="java.vm.vendor" value="Oracle Corporation"/>
    <property name="java.vendor.url" value="http://java.oracle.com/"/>
    <property name="path.separator" value=";"/>
    <property name="guice.disable.misplaced.annotation.check" value="true"/>
    <property name="java.vm.name" value="Java HotSpot(TM) 64-Bit Server VM"/>
    <property name="file.encoding.pkg" value="sun.io"/>
    <property name="user.script" value=""/>
    <property name="user.country" value="CN"/>
    <property name="sun.java.launcher" value="SUN_STANDARD"/>
    <property name="sun.os.patch.level" value=""/>
    <property name="java.vm.specification.name" value="Java Virtual Machine Specification"/>
    <property name="user.dir" value="C:\Users\huwei\.jenkins\workspace\gameoflifedefault"/>
    <property name="java.runtime.version" value="1.8.0_121-b13"/>
    <property name="java.awt.graphicsenv" value="sun.awt.Win32GraphicsEnvironment"/>
    <property name="java.endorsed.dirs" value="D:\work_software\jdk1.8.0_121\jre\lib\endorsed"/>
    <property name="os.arch" value="amd64"/>
    <property name="java.io.tmpdir" value="C:\Users\huwei\AppData\Local\Temp\"/>
    <property name="line.separator" value="
"/>
    <property name="java.vm.specification.vendor" value="Oracle Corporation"/>
    <property name="user.variant" value=""/>
    <property name="os.name" value="Windows 8.1"/>
    <property name="net.sourceforge.cobertura.datafile" value="C:\Users\huwei\.jenkins\workspace\gameoflifedefault\target\cobertura\cobertura.ser"/>
    <property name="classworlds.conf" value="D:\work_software\apache-maven-3.0.5\bin\m2.conf"/>
    <property name="sun.jnu.encoding" value="GBK"/>
    <property name="java.library.path" value="D:\work_software\jdk1.8.0_121\bin;C:\Windows\Sun\Java\bin;C:\Windows\system32;C:\Windows;D:\work_software\apache-maven-3.0.5/bin;D:\work_software\jdk1.8.0_121/bin;D:\work_software\jdk1.8.0_121/bin;D:\work_software\cmder\bin;D:\work_software\cmder\vendor\git-for-windows\cmd;D:\work_software\cmder\vendor\conemu-maximus5\ConEmu\Scripts;D:\work_software\cmder\vendor\conemu-maximus5;D:\work_software\cmder\vendor\conemu-maximus5\ConEmu;C:\Windows\system32;C:\Windows;C:\Windows\System32\Wbem;C:\Windows\System32\WindowsPowerShell\v1.0\;D:\work_software\jdk1.8.0_121\bin;D:\work_software\jdk1.8.0_121/jre/bin;D:\work_software\apache-maven-3.0.5/bin;D:\work_software\TortoiseSVN\bin;C:\Program Files (x86)\NVIDIA Corporation\PhysX\Common;D:\work_software\scala\bin;D:\work_software\sbt\bin;D:\work_software\sbt\bin;D:\work_software\hadoop\bin;D:\work_software\TortoiseGit\bin;D:\work_software\Python27;D:\work_software\Python27\Scripts;D:\work_software\UltraEdit;C:\Program Files\IDM Computer Solutions\UltraCompare;D:\work_software\cygwin\bin;D:\work_software\HelixVisual;D:\work_software\HelixVisual\DVCS\;D:\work_software\phantomjs-2.1.1-windows\bin;D:\work_software\cmder\vendor\git-for-windows\usr\bin;D:\work_software\cmder\vendor\git-for-windows\usr\share\vim\vim74;D:\work_software\cmder\;."/>
    <property name="java.specification.name" value="Java Platform API Specification"/>
    <property name="java.class.version" value="52.0"/>
    <property name="sun.management.compiler" value="HotSpot 64-Bit Tiered Compilers"/>
    <property name="cobertura.report.format" value="xml"/>
    <property name="os.version" value="6.3"/>
    <property name="user.home" value="C:\Users\huwei"/>
    <property name="user.timezone" value="Asia/Shanghai"/>
    <property name="java.awt.printerjob" value="sun.awt.windows.WPrinterJob"/>
    <property name="java.specification.version" value="1.8"/>
    <property name="file.encoding" value="GBK"/>
    <property name="user.name" value="huwei"/>
    <property name="java.class.path" value="D:\work_software\apache-maven-3.0.5\boot\plexus-classworlds-2.4.jar"/>
    <property name="java.vm.specification.version" value="1.8"/>
    <property name="sun.arch.data.model" value="64"/>
    <property name="java.home" value="D:\work_software\jdk1.8.0_121\jre"/>
    <property name="sun.java.command" value="org.codehaus.plexus.classworlds.launcher.Launcher -s D:\work_software\apache-maven-3.0.5\conf\settings.xml -gs D:\work_software\apache-maven-3.0.5\conf\settings.xml cobertura:cobertura -Dcobertura.report.format=xml"/>
    <property name="java.specification.vendor" value="Oracle Corporation"/>
    <property name="user.language" value="zh"/>
    <property name="awt.toolkit" value="sun.awt.windows.WToolkit"/>
    <property name="java.vm.info" value="mixed mode"/>
    <property name="java.version" value="1.8.0_121"/>
    <property name="java.ext.dirs" value="D:\work_software\jdk1.8.0_121\jre\lib\ext;C:\Windows\Sun\Java\lib\ext"/>
    <property name="sun.boot.class.path" value="D:\work_software\jdk1.8.0_121\jre\lib\resources.jar;D:\work_software\jdk1.8.0_121\jre\lib\rt.jar;D:\work_software\jdk1.8.0_121\jre\lib\sunrsasign.jar;D:\work_software\jdk1.8.0_121\jre\lib\jsse.jar;D:\work_software\jdk1.8.0_121\jre\lib\jce.jar;D:\work_software\jdk1.8.0_121\jre\lib\charsets.jar;D:\work_software\jdk1.8.0_121\jre\lib\jfr.jar;D:\work_software\jdk1.8.0_121\jre\classes"/>
    <property name="java.vendor" value="Oracle Corporation"/>
    <property name="maven.home" value="D:\work_software\apache-maven-3.0.5"/>
    <property name="file.separator" value="\"/>
    <property name="java.vendor.url.bug" value="http://bugreport.sun.com/bugreport/"/>
    <property name="sun.cpu.endian" value="little"/>
    <property name="sun.io.unicode.encoding" value="UnicodeLittle"/>
    <property name="project.build.outputDirectory" value="C:\Users\huwei\.jenkins\workspace\gameoflifedefault\target\generated-classes\cobertura"/>
    <property name="sun.desktop" value="windows"/>
    <property name="sun.cpu.isalist" value="amd64"/>
  </properties>
  <testcase classname="model.souhu.SouhuDreamPageProcessorTest" name="testAddExtraInfoWhenHandleListPage" time="0.001"/>
  <testcase classname="model.souhu.SouhuDreamPageProcessorTest" name="testMain" time="0"/>
  <testcase classname="model.souhu.SouhuDreamPageProcessorTest" name="testProcess" time="0"/>
  <testcase classname="model.souhu.SouhuDreamPageProcessorTest" name="testGetSite" time="0"/>
  <testcase classname="model.souhu.SouhuDreamPageProcessorTest" name="testSetPicAndContent" time="0"/>
  <testcase classname="model.souhu.SouhuDreamPageProcessorTest" name="testSetUrlAndId" time="0"/>
  <testcase classname="model.souhu.SouhuDreamPageProcessorTest" name="testHandleListPage" time="0"/>
  <testcase classname="model.souhu.SouhuDreamPageProcessorTest" name="testAfterProcess" time="0"/>
  <testcase classname="model.souhu.SouhuDreamPageProcessorTest" name="testSetSourceFrom" time="0"/>
  <testcase classname="model.souhu.SouhuDreamPageProcessorTest" name="testSetCategory" time="0"/>
  <testcase classname="model.souhu.SouhuDreamPageProcessorTest" name="testSetDate" time="0"/>
  <testcase classname="model.souhu.SouhuDreamPageProcessorTest" name="testSetTitle" time="0"/>
</testsuite>